<?xml version="1.0" encoding="UTF-8"?>
<testng-results ignored="0" total="0" passed="0" failed="0" skipped="0">
  <reporter-output>
  </reporter-output>
  <suite started-at="2021-06-03T00:09:27 CDT" name="Default suite" finished-at="2021-06-03T00:09:28 CDT" duration-ms="674">
    <groups>
      <group name="cucumber">
        <method signature="AbstractTestNGCucumberTests.runScenario(io.cucumber.testng.PickleWrapper, io.cucumber.testng.FeatureWrapper)[pri:0, instance:testRunner.testRun_Login@37654521]" name="runScenario" class="io.cucumber.testng.AbstractTestNGCucumberTests"/>
      </group> <!-- cucumber -->
    </groups>
    <test started-at="2021-06-03T00:09:27 CDT" name="Default test" finished-at="2021-06-03T00:09:28 CDT" duration-ms="674">
      <class name="testRunner.testRun_Login">
        <test-method is-config="true" signature="setUpClass()[pri:0, instance:testRunner.testRun_Login@37654521]" started-at="2021-06-03T00:09:27 CDT" name="setUpClass" finished-at="2021-06-03T00:09:28 CDT" duration-ms="592" status="PASS">
          <reporter-output>
          </reporter-output>
        </test-method> <!-- setUpClass -->
        <test-method is-config="true" signature="tearDownClass()[pri:0, instance:testRunner.testRun_Login@37654521]" started-at="2021-06-03T00:09:28 CDT" name="tearDownClass" finished-at="2021-06-03T00:09:28 CDT" duration-ms="24" status="PASS">
          <reporter-output>
          </reporter-output>
        </test-method> <!-- tearDownClass -->
      </class> <!-- testRunner.testRun_Login -->
    </test> <!-- Default test -->
  </suite> <!-- Default suite -->
</testng-results>
